#
# There is insufficient memory for the Java Runtime Environment to continue.
# Native memory allocation (mmap) failed to map 167772160 bytes for committing reserved memory.
# Possible reasons:
#   The system is out of physical RAM or swap space
#   The process is running with CompressedOops enabled, and the Java Heap may be blocking the growth of the native heap
# Possible solutions:
#   Reduce memory load on the system
#   Increase physical memory or swap space
#   Check if swap backing store is full
#   Decrease Java heap size (-Xmx/-Xms)
#   Decrease number of Java threads
#   Decrease Java thread stack sizes (-Xss)
#   Set larger code cache with -XX:ReservedCodeCacheSize=
#   JVM is running with Unscaled Compressed Oops mode in which the Java heap is
#     placed in the first 4GB address space. The Java Heap base address is the
#     maximum limit for the native heap growth. Please use -XX:HeapBaseMinAddress
#     to set the Java Heap base and to place the Java Heap above 4GB virtual address.
# This output file may be truncated or incomplete.
#
#  Out of Memory Error (os_linux.cpp:2659), pid=18712, tid=18720
#
# JRE version: Java(TM) SE Runtime Environment (12.0.1+12) (build 12.0.1+12)
# Java VM: Java HotSpot(TM) 64-Bit Server VM (12.0.1+12, mixed mode, sharing, tiered, compressed oops, g1 gc, linux-amd64)
# Core dump will be written. Default location: Core dumps may be processed with "/usr/share/apport/apport %p %s %c %d %P" (or dumping to /home/ronsm/Downloads/libltkjava/examples/core.18712)
#

---------------  S U M M A R Y ------------

Command Line: org.impinj.llrp.ltk.examples.docsample4.DocSample4 192.168.1.4

Host: Intel(R) Core(TM) i7-4770HQ CPU @ 2.20GHz, 2 cores, 3G, Ubuntu 18.04.2 LTS
Time: Thu May  2 12:32:16 2019 BST elapsed time: 34 seconds (0d 0h 0m 34s)

---------------  T H R E A D  ---------------

Current thread (0x00007f72f40c0000):  VMThread "VM Thread" [stack: 0x00007f72d8012000,0x00007f72d8112000] [id=18720]

Stack: [0x00007f72d8012000,0x00007f72d8112000],  sp=0x00007f72d810ff30,  free space=1015k
Native frames: (J=compiled Java code, A=aot compiled Java code, j=interpreted, Vv=VM code, C=native code)
V  [libjvm.so+0xe43ca0]  VMError::report_and_die(int, char const*, char const*, __va_list_tag*, Thread*, unsigned char*, void*, void*, char const*, int, unsigned long)+0x310
V  [libjvm.so+0xe4486b]  VMError::report_and_die(Thread*, char const*, int, unsigned long, VMErrorType, char const*, __va_list_tag*)+0x2b
V  [libjvm.so+0x65df95]  report_vm_out_of_memory(char const*, int, unsigned long, VMErrorType, char const*, ...)+0xd5
V  [libjvm.so+0xbf8c18]  os::pd_commit_memory_or_exit(char*, unsigned long, unsigned long, bool, char const*)+0x108
V  [libjvm.so+0xbf03fd]  os::commit_memory_or_exit(char*, unsigned long, unsigned long, bool, char const*)+0x1d
V  [libjvm.so+0x78820c]  G1PageBasedVirtualSpace::commit_preferred_pages(unsigned long, unsigned long)+0x6c
V  [libjvm.so+0x7885a4]  G1PageBasedVirtualSpace::commit(unsigned long, unsigned long)+0x154
V  [libjvm.so+0x796370]  G1RegionsLargerThanCommitSizeMapper::commit_regions(unsigned int, unsigned long, WorkGang*)+0x40
V  [libjvm.so+0x8174c0]  HeapRegionManager::commit_regions(unsigned int, unsigned long, WorkGang*)+0x80
V  [libjvm.so+0x81822f]  HeapRegionManager::make_regions_available(unsigned int, unsigned int, WorkGang*)+0x3f
V  [libjvm.so+0x8187b9]  HeapRegionManager::expand_at(unsigned int, unsigned int, WorkGang*)+0x119
V  [libjvm.so+0x73cc00]  G1CollectedHeap::expand(unsigned long, WorkGang*, double*)+0xe0
V  [libjvm.so+0x7415d2]  G1CollectedHeap::do_collection_pause_at_safepoint(double)+0xa22
V  [libjvm.so+0x7a9c51]  VM_G1CollectForAllocation::doit()+0x81
V  [libjvm.so+0xe46287]  VM_Operation::evaluate()+0xe7
V  [libjvm.so+0xe4c12f]  VMThread::evaluate_operation(VM_Operation*) [clone .constprop.63]+0xff
V  [libjvm.so+0xe4c671]  VMThread::loop()+0x3f1
V  [libjvm.so+0xe4caa3]  VMThread::run()+0x73
V  [libjvm.so+0xdd21bf]  Thread::call_run()+0x16f
V  [libjvm.so+0xbfe94e]  thread_native_entry(Thread*)+0xee

VM_Operation (0x00007f72c25f69d0): G1CollectForAllocation, mode: safepoint, requested by thread 0x00007f7298013800


---------------  P R O C E S S  ---------------

Threads class SMR info:
_java_thread_list=0x00007f729800e310, length=11, elements={
0x00007f72f4012800, 0x00007f72f40c3000, 0x00007f72f40c5000, 0x00007f72f40ca000,
0x00007f72f40cc000, 0x00007f72f40ce000, 0x00007f72f40d0000, 0x00007f72f40ff800,
0x00007f72f4104800, 0x00007f72f419b000, 0x00007f7298013800
}

Java Threads: ( => current thread )
  0x00007f72f4012800 JavaThread "main" [_thread_blocked, id=18714, stack(0x00007f72fc69f000,0x00007f72fc7a0000)]
  0x00007f72f40c3000 JavaThread "Reference Handler" daemon [_thread_blocked, id=18722, stack(0x00007f72c3eff000,0x00007f72c4000000)]
  0x00007f72f40c5000 JavaThread "Finalizer" daemon [_thread_blocked, id=18723, stack(0x00007f72c3dfe000,0x00007f72c3eff000)]
  0x00007f72f40ca000 JavaThread "Signal Dispatcher" daemon [_thread_blocked, id=18724, stack(0x00007f72c332e000,0x00007f72c342f000)]
  0x00007f72f40cc000 JavaThread "C2 CompilerThread0" daemon [_thread_blocked, id=18725, stack(0x00007f72c322d000,0x00007f72c332e000)]
  0x00007f72f40ce000 JavaThread "C1 CompilerThread0" daemon [_thread_blocked, id=18726, stack(0x00007f72c312c000,0x00007f72c322d000)]
  0x00007f72f40d0000 JavaThread "Sweeper thread" daemon [_thread_blocked, id=18727, stack(0x00007f72c302b000,0x00007f72c312c000)]
  0x00007f72f40ff800 JavaThread "Service Thread" daemon [_thread_blocked, id=18730, stack(0x00007f72c2f2a000,0x00007f72c302b000)]
  0x00007f72f4104800 JavaThread "Common-Cleaner" daemon [_thread_blocked, id=18732, stack(0x00007f72c2d27000,0x00007f72c2e28000)]
  0x00007f72f419b000 JavaThread "NioSocketConnector-1" [_thread_in_native, id=18733, stack(0x00007f72c25f9000,0x00007f72c26fa000)]
  0x00007f7298013800 JavaThread "NioProcessor-2" [_thread_blocked, id=18734, stack(0x00007f72c24f8000,0x00007f72c25f9000)]

Other Threads:
=>0x00007f72f40c0000 VMThread "VM Thread" [stack: 0x00007f72d8012000,0x00007f72d8112000] [id=18720]
  0x00007f72f4102000 WatcherThread [stack: 0x00007f72c2e2a000,0x00007f72c2f2a000] [id=18731]
  0x00007f72f404f800 GCTaskThread "GC Thread#0" [stack: 0x00007f72f8386000,0x00007f72f8486000] [id=18715]
  0x00007f72bc049000 GCTaskThread "GC Thread#1" [stack: 0x00007f72c23f8000,0x00007f72c24f8000] [id=18735]
  0x00007f72f4057800 ConcurrentGCThread "G1 Main Marker" [stack: 0x00007f72f8284000,0x00007f72f8384000] [id=18716]
  0x00007f72f4059000 ConcurrentGCThread "G1 Conc#0" [stack: 0x00007f72f8182000,0x00007f72f8282000] [id=18717]
  0x00007f72f4094000 ConcurrentGCThread "G1 Refine#0" [stack: 0x00007f72d8a97000,0x00007f72d8b97000] [id=18718]
  0x00007f72f4096000 ConcurrentGCThread "G1 Young RemSet Sampling" [stack: 0x00007f72d8995000,0x00007f72d8a95000] [id=18719]

Threads with active compile tasks:
C2 CompilerThread0  2488   !   4       java.util.zip.ZipFile::getInputStream (327 bytes)
C1 CompilerThread0  2495       3       java.util.HashMap::<init> (98 bytes)

VM state:at safepoint (normal execution)

VM Mutex/Monitor currently owned by a thread:  ([mutex/lock_event])
[0x00007f72f400e510] Threads_lock - owner thread: 0x00007f72f40c0000
[0x00007f72f400ecf0] Heap_lock - owner thread: 0x00007f7298013800

Heap address: 0x00000000c2400000, size: 988 MB, Compressed Oops mode: 32-bit
Narrow klass base: 0x0000000800000000, Narrow klass shift: 3
Compressed class space size: 1073741824 Address: 0x0000000801129000

Heap:
 garbage-first heap   total 358400K, used 3557K [0x00000000c2400000, 0x0000000100000000)
  region size 1024K, 1 young (1024K), 1 survivors (1024K)
 Metaspace       used 10132K, capacity 11312K, committed 11392K, reserved 1058816K
  class space    used 942K, capacity 1130K, committed 1152K, reserved 1048576K
Heap Regions: E=young(eden), S=young(survivor), O=old, HS=humongous(starts), HC=humongous(continues), CS=collection set, F=free, A=archive, TAMS=top-at-mark-start (previous, next)
|   0|0x00000000c2400000, 0x00000000c2500000, 0x00000000c2500000|100%| O|  |TAMS 0x00000000c2400000, 0x00000000c2400000| Untracked 
|   1|0x00000000c2500000, 0x00000000c2600000, 0x00000000c2600000|100%| O|  |TAMS 0x00000000c2500000, 0x00000000c2500000| Untracked 
|   2|0x00000000c2600000, 0x00000000c2670800, 0x00000000c2700000| 43%| O|  |TAMS 0x00000000c2600000, 0x00000000c2600000| Untracked 
|   3|0x00000000c2700000, 0x00000000c2700000, 0x00000000c2800000|  0%| F|  |TAMS 0x00000000c2700000, 0x00000000c2700000| Untracked 
|   4|0x00000000c2800000, 0x00000000c2800000, 0x00000000c2900000|  0%| F|  |TAMS 0x00000000c2800000, 0x00000000c2800000| Untracked 
|   5|0x00000000c2900000, 0x00000000c2900000, 0x00000000c2a00000|  0%| F|  |TAMS 0x00000000c2900000, 0x00000000c2900000| Untracked 
|   6|0x00000000c2a00000, 0x00000000c2a00000, 0x00000000c2b00000|  0%| F|  |TAMS 0x00000000c2a00000, 0x00000000c2a00000| Untracked 
|   7|0x00000000c2b00000, 0x00000000c2b00000, 0x00000000c2c00000|  0%| F|  |TAMS 0x00000000c2b00000, 0x00000000c2b00000| Untracked 
|   8|0x00000000c2c00000, 0x00000000c2c00000, 0x00000000c2d00000|  0%| F|  |TAMS 0x00000000c2c00000, 0x00000000c2c00000| Untracked 
|   9|0x00000000c2d00000, 0x00000000c2d00000, 0x00000000c2e00000|  0%| F|  |TAMS 0x00000000c2d00000, 0x00000000c2d00000| Untracked 
|  10|0x00000000c2e00000, 0x00000000c2e00000, 0x00000000c2f00000|  0%| F|  |TAMS 0x00000000c2e00000, 0x00000000c2e00000| Untracked 
|  11|0x00000000c2f00000, 0x00000000c2f00000, 0x00000000c3000000|  0%| F|  |TAMS 0x00000000c2f00000, 0x00000000c2f00000| Untracked 
|  12|0x00000000c3000000, 0x00000000c3000000, 0x00000000c3100000|  0%| F|  |TAMS 0x00000000c3000000, 0x00000000c3000000| Untracked 
|  13|0x00000000c3100000, 0x00000000c3100000, 0x00000000c3200000|  0%| F|  |TAMS 0x00000000c3100000, 0x00000000c3100000| Untracked 
|  14|0x00000000c3200000, 0x00000000c3200000, 0x00000000c3300000|  0%| F|  |TAMS 0x00000000c3200000, 0x00000000c3200000| Untracked 
|  15|0x00000000c3300000, 0x00000000c3300000, 0x00000000c3400000|  0%| F|  |TAMS 0x00000000c3300000, 0x00000000c3300000| Untracked 
|  16|0x00000000c3400000, 0x00000000c3400000, 0x00000000c3500000|  0%| F|  |TAMS 0x00000000c3400000, 0x00000000c3400000| Untracked 
|  17|0x00000000c3500000, 0x00000000c3500000, 0x00000000c3600000|  0%| F|  |TAMS 0x00000000c3500000, 0x00000000c3500000| Untracked 
|  18|0x00000000c3600000, 0x00000000c3600000, 0x00000000c3700000|  0%| F|  |TAMS 0x00000000c3600000, 0x00000000c3600000| Untracked 
|  19|0x00000000c3700000, 0x00000000c3700000, 0x00000000c3800000|  0%| F|  |TAMS 0x00000000c3700000, 0x00000000c3700000| Untracked 
|  20|0x00000000c3800000, 0x00000000c3800000, 0x00000000c3900000|  0%| F|  |TAMS 0x00000000c3800000, 0x00000000c3800000| Untracked 
|  21|0x00000000c3900000, 0x00000000c3900000, 0x00000000c3a00000|  0%| F|  |TAMS 0x00000000c3900000, 0x00000000c3900000| Untracked 
|  22|0x00000000c3a00000, 0x00000000c3a00000, 0x00000000c3b00000|  0%| F|  |TAMS 0x00000000c3a00000, 0x00000000c3a00000| Untracked 
|  23|0x00000000c3b00000, 0x00000000c3b00000, 0x00000000c3c00000|  0%| F|  |TAMS 0x00000000c3b00000, 0x00000000c3b00000| Untracked 
|  24|0x00000000c3c00000, 0x00000000c3c00000, 0x00000000c3d00000|  0%| F|  |TAMS 0x00000000c3c00000, 0x00000000c3c00000| Untracked 
|  25|0x00000000c3d00000, 0x00000000c3d00000, 0x00000000c3e00000|  0%| F|  |TAMS 0x00000000c3d00000, 0x00000000c3d00000| Untracked 
|  26|0x00000000c3e00000, 0x00000000c3e00000, 0x00000000c3f00000|  0%| F|  |TAMS 0x00000000c3e00000, 0x00000000c3e00000| Untracked 
|  27|0x00000000c3f00000, 0x00000000c3f00000, 0x00000000c4000000|  0%| F|  |TAMS 0x00000000c3f00000, 0x00000000c3f00000| Untracked 
|  28|0x00000000c4000000, 0x00000000c4000000, 0x00000000c4100000|  0%| F|  |TAMS 0x00000000c4000000, 0x00000000c4000000| Untracked 
|  29|0x00000000c4100000, 0x00000000c4100000, 0x00000000c4200000|  0%| F|  |TAMS 0x00000000c4100000, 0x00000000c4100000| Untracked 
|  30|0x00000000c4200000, 0x00000000c4200000, 0x00000000c4300000|  0%| F|  |TAMS 0x00000000c4200000, 0x00000000c4200000| Untracked 
|  31|0x00000000c4300000, 0x00000000c4300000, 0x00000000c4400000|  0%| F|  |TAMS 0x00000000c4300000, 0x00000000c4300000| Untracked 
|  32|0x00000000c4400000, 0x00000000c4400000, 0x00000000c4500000|  0%| F|  |TAMS 0x00000000c4400000, 0x00000000c4400000| Untracked 
|  33|0x00000000c4500000, 0x00000000c4500000, 0x00000000c4600000|  0%| F|  |TAMS 0x00000000c4500000, 0x00000000c4500000| Untracked 
|  34|0x00000000c4600000, 0x00000000c4600000, 0x00000000c4700000|  0%| F|  |TAMS 0x00000000c4600000, 0x00000000c4600000| Untracked 
|  35|0x00000000c4700000, 0x00000000c4700000, 0x00000000c4800000|  0%| F|  |TAMS 0x00000000c4700000, 0x00000000c4700000| Untracked 
|  36|0x00000000c4800000, 0x00000000c4800000, 0x00000000c4900000|  0%| F|  |TAMS 0x00000000c4800000, 0x00000000c4800000| Untracked 
|  37|0x00000000c4900000, 0x00000000c4900000, 0x00000000c4a00000|  0%| F|  |TAMS 0x00000000c4900000, 0x00000000c4900000| Untracked 
|  38|0x00000000c4a00000, 0x00000000c4a00000, 0x00000000c4b00000|  0%| F|  |TAMS 0x00000000c4a00000, 0x00000000c4a00000| Untracked 
|  39|0x00000000c4b00000, 0x00000000c4b00000, 0x00000000c4c00000|  0%| F|  |TAMS 0x00000000c4b00000, 0x00000000c4b00000| Untracked 
|  40|0x00000000c4c00000, 0x00000000c4c00000, 0x00000000c4d00000|  0%| F|  |TAMS 0x00000000c4c00000, 0x00000000c4c00000| Untracked 
|  41|0x00000000c4d00000, 0x00000000c4d00000, 0x00000000c4e00000|  0%| F|  |TAMS 0x00000000c4d00000, 0x00000000c4d00000| Untracked 
|  42|0x00000000c4e00000, 0x00000000c4e00000, 0x00000000c4f00000|  0%| F|  |TAMS 0x00000000c4e00000, 0x00000000c4e00000| Untracked 
|  43|0x00000000c4f00000, 0x00000000c4f00000, 0x00000000c5000000|  0%| F|  |TAMS 0x00000000c4f00000, 0x00000000c4f00000| Untracked 
|  44|0x00000000c5000000, 0x00000000c5000000, 0x00000000c5100000|  0%| F|  |TAMS 0x00000000c5000000, 0x00000000c5000000| Untracked 
|  45|0x00000000c5100000, 0x00000000c5100000, 0x00000000c5200000|  0%| F|  |TAMS 0x00000000c5100000, 0x00000000c5100000| Untracked 
|  46|0x00000000c5200000, 0x00000000c5200000, 0x00000000c5300000|  0%| F|  |TAMS 0x00000000c5200000, 0x00000000c5200000| Untracked 
|  47|0x00000000c5300000, 0x00000000c5300000, 0x00000000c5400000|  0%| F|  |TAMS 0x00000000c5300000, 0x00000000c5300000| Untracked 
|  48|0x00000000c5400000, 0x00000000c5400000, 0x00000000c5500000|  0%| F|  |TAMS 0x00000000c5400000, 0x00000000c5400000| Untracked 
|  49|0x00000000c5500000, 0x00000000c5500000, 0x00000000c5600000|  0%| F|  |TAMS 0x00000000c5500000, 0x00000000c5500000| Untracked 
|  50|0x00000000c5600000, 0x00000000c5600000, 0x00000000c5700000|  0%| F|  |TAMS 0x00000000c5600000, 0x00000000c5600000| Untracked 
|  51|0x00000000c5700000, 0x00000000c5700000, 0x00000000c5800000|  0%| F|  |TAMS 0x00000000c5700000, 0x00000000c5700000| Untracked 
|  52|0x00000000c5800000, 0x00000000c5800000, 0x00000000c5900000|  0%| F|  |TAMS 0x00000000c5800000, 0x00000000c5800000| Untracked 
|  53|0x00000000c5900000, 0x00000000c5900000, 0x00000000c5a00000|  0%| F|  |TAMS 0x00000000c5900000, 0x00000000c5900000| Untracked 
|  54|0x00000000c5a00000, 0x00000000c5a00000, 0x00000000c5b00000|  0%| F|  |TAMS 0x00000000c5a00000, 0x00000000c5a00000| Untracked 
|  55|0x00000000c5b00000, 0x00000000c5b00000, 0x00000000c5c00000|  0%| F|  |TAMS 0x00000000c5b00000, 0x00000000c5b00000| Untracked 
|  56|0x00000000c5c00000, 0x00000000c5c00000, 0x00000000c5d00000|  0%| F|  |TAMS 0x00000000c5c00000, 0x00000000c5c00000| Untracked 
|  57|0x00000000c5d00000, 0x00000000c5d00000, 0x00000000c5e00000|  0%| F|  |TAMS 0x00000000c5d00000, 0x00000000c5d00000| Untracked 
|  58|0x00000000c5e00000, 0x00000000c5e00000, 0x00000000c5f00000|  0%| F|  |TAMS 0x00000000c5e00000, 0x00000000c5e00000| Untracked 
|  59|0x00000000c5f00000, 0x00000000c5f00000, 0x00000000c6000000|  0%| F|  |TAMS 0x00000000c5f00000, 0x00000000c5f00000| Untracked 
|  60|0x00000000c6000000, 0x00000000c6000000, 0x00000000c6100000|  0%| F|  |TAMS 0x00000000c6000000, 0x00000000c6000000| Untracked 
|  61|0x00000000c6100000, 0x00000000c6100000, 0x00000000c6200000|  0%| F|  |TAMS 0x00000000c6100000, 0x00000000c6100000| Untracked 
|  62|0x00000000c6200000, 0x00000000c6200000, 0x00000000c6300000|  0%| F|  |TAMS 0x00000000c6200000, 0x00000000c6200000| Untracked 
|  63|0x00000000c6300000, 0x00000000c6300000, 0x00000000c6400000|  0%| F|  |TAMS 0x00000000c6300000, 0x00000000c6300000| Untracked 
|  64|0x00000000c6400000, 0x00000000c6400000, 0x00000000c6500000|  0%| F|  |TAMS 0x00000000c6400000, 0x00000000c6400000| Untracked 
|  65|0x00000000c6500000, 0x00000000c6500000, 0x00000000c6600000|  0%| F|  |TAMS 0x00000000c6500000, 0x00000000c6500000| Untracked 
|  66|0x00000000c6600000, 0x00000000c6600000, 0x00000000c6700000|  0%| F|  |TAMS 0x00000000c6600000, 0x00000000c6600000| Untracked 
|  67|0x00000000c6700000, 0x00000000c6700000, 0x00000000c6800000|  0%| F|  |TAMS 0x00000000c6700000, 0x00000000c6700000| Untracked 
|  68|0x00000000c6800000, 0x00000000c6800000, 0x00000000c6900000|  0%| F|  |TAMS 0x00000000c6800000, 0x00000000c6800000| Untracked 
|  69|0x00000000c6900000, 0x00000000c6900000, 0x00000000c6a00000|  0%| F|  |TAMS 0x00000000c6900000, 0x00000000c6900000| Untracked 
|  70|0x00000000c6a00000, 0x00000000c6a00000, 0x00000000c6b00000|  0%| F|  |TAMS 0x00000000c6a00000, 0x00000000c6a00000| Untracked 
|  71|0x00000000c6b00000, 0x00000000c6b00000, 0x00000000c6c00000|  0%| F|  |TAMS 0x00000000c6b00000, 0x00000000c6b00000| Untracked 
|  72|0x00000000c6c00000, 0x00000000c6c00000, 0x00000000c6d00000|  0%| F|  |TAMS 0x00000000c6c00000, 0x00000000c6c00000| Untracked 
|  73|0x00000000c6d00000, 0x00000000c6d00000, 0x00000000c6e00000|  0%| F|  |TAMS 0x00000000c6d00000, 0x00000000c6d00000| Untracked 
|  74|0x00000000c6e00000, 0x00000000c6e00000, 0x00000000c6f00000|  0%| F|  |TAMS 0x00000000c6e00000, 0x00000000c6e00000| Untracked 
|  75|0x00000000c6f00000, 0x00000000c6f00000, 0x00000000c7000000|  0%| F|  |TAMS 0x00000000c6f00000, 0x00000000c6f00000| Untracked 
|  76|0x00000000c7000000, 0x00000000c7000000, 0x00000000c7100000|  0%| F|  |TAMS 0x00000000c7000000, 0x00000000c7000000| Untracked 
|  77|0x00000000c7100000, 0x00000000c7100000, 0x00000000c7200000|  0%| F|  |TAMS 0x00000000c7100000, 0x00000000c7100000| Untracked 
|  78|0x00000000c7200000, 0x00000000c7200000, 0x00000000c7300000|  0%| F|  |TAMS 0x00000000c7200000, 0x00000000c7200000| Untracked 
|  79|0x00000000c7300000, 0x00000000c7300000, 0x00000000c7400000|  0%| F|  |TAMS 0x00000000c7300000, 0x00000000c7300000| Untracked 
|  80|0x00000000c7400000, 0x00000000c7400000, 0x00000000c7500000|  0%| F|  |TAMS 0x00000000c7400000, 0x00000000c7400000| Untracked 
|  81|0x00000000c7500000, 0x00000000c7500000, 0x00000000c7600000|  0%| F|  |TAMS 0x00000000c7500000, 0x00000000c7500000| Untracked 
|  82|0x00000000c7600000, 0x00000000c7600000, 0x00000000c7700000|  0%| F|  |TAMS 0x00000000c7600000, 0x00000000c7600000| Untracked 
|  83|0x00000000c7700000, 0x00000000c7700000, 0x00000000c7800000|  0%| F|  |TAMS 0x00000000c7700000, 0x00000000c7700000| Untracked 
|  84|0x00000000c7800000, 0x00000000c7800000, 0x00000000c7900000|  0%| F|  |TAMS 0x00000000c7800000, 0x00000000c7800000| Untracked 
|  85|0x00000000c7900000, 0x00000000c7900000, 0x00000000c7a00000|  0%| F|  |TAMS 0x00000000c7900000, 0x00000000c7900000| Untracked 
|  86|0x00000000c7a00000, 0x00000000c7a00000, 0x00000000c7b00000|  0%| F|  |TAMS 0x00000000c7a00000, 0x00000000c7a00000| Untracked 
|  87|0x00000000c7b00000, 0x00000000c7b00000, 0x00000000c7c00000|  0%| F|  |TAMS 0x00000000c7b00000, 0x00000000c7b00000| Untracked 
|  88|0x00000000c7c00000, 0x00000000c7c00000, 0x00000000c7d00000|  0%| F|  |TAMS 0x00000000c7c00000, 0x00000000c7c00000| Untracked 
|  89|0x00000000c7d00000, 0x00000000c7d00000, 0x00000000c7e00000|  0%| F|  |TAMS 0x00000000c7d00000, 0x00000000c7d00000| Untracked 
|  90|0x00000000c7e00000, 0x00000000c7e00000, 0x00000000c7f00000|  0%| F|  |TAMS 0x00000000c7e00000, 0x00000000c7e00000| Untracked 
|  91|0x00000000c7f00000, 0x00000000c7f00000, 0x00000000c8000000|  0%| F|  |TAMS 0x00000000c7f00000, 0x00000000c7f00000| Untracked 
|  92|0x00000000c8000000, 0x00000000c8000000, 0x00000000c8100000|  0%| F|  |TAMS 0x00000000c8000000, 0x00000000c8000000| Untracked 
|  93|0x00000000c8100000, 0x00000000c8100000, 0x00000000c8200000|  0%| F|  |TAMS 0x00000000c8100000, 0x00000000c8100000| Untracked 
|  94|0x00000000c8200000, 0x00000000c8200000, 0x00000000c8300000|  0%| F|  |TAMS 0x00000000c8200000, 0x00000000c8200000| Untracked 
|  95|0x00000000c8300000, 0x00000000c8300000, 0x00000000c8400000|  0%| F|  |TAMS 0x00000000c8300000, 0x00000000c8300000| Untracked 
|  96|0x00000000c8400000, 0x00000000c8400000, 0x00000000c8500000|  0%| F|  |TAMS 0x00000000c8400000, 0x00000000c8400000| Untracked 
|  97|0x00000000c8500000, 0x00000000c8500000, 0x00000000c8600000|  0%| F|  |TAMS 0x00000000c8500000, 0x00000000c8500000| Untracked 
|  98|0x00000000c8600000, 0x00000000c8600000, 0x00000000c8700000|  0%| F|  |TAMS 0x00000000c8600000, 0x00000000c8600000| Untracked 
|  99|0x00000000c8700000, 0x00000000c8700000, 0x00000000c8800000|  0%| F|  |TAMS 0x00000000c8700000, 0x00000000c8700000| Untracked 
| 100|0x00000000c8800000, 0x00000000c8800000, 0x00000000c8900000|  0%| F|  |TAMS 0x00000000c8800000, 0x00000000c8800000| Untracked 
| 101|0x00000000c8900000, 0x00000000c8900000, 0x00000000c8a00000|  0%| F|  |TAMS 0x00000000c8900000, 0x00000000c8900000| Untracked 
| 102|0x00000000c8a00000, 0x00000000c8a00000, 0x00000000c8b00000|  0%| F|  |TAMS 0x00000000c8a00000, 0x00000000c8a00000| Untracked 
| 103|0x00000000c8b00000, 0x00000000c8b00000, 0x00000000c8c00000|  0%| F|  |TAMS 0x00000000c8b00000, 0x00000000c8b00000| Untracked 
| 104|0x00000000c8c00000, 0x00000000c8c00000, 0x00000000c8d00000|  0%| F|  |TAMS 0x00000000c8c00000, 0x00000000c8c00000| Untracked 
| 105|0x00000000c8d00000, 0x00000000c8d00000, 0x00000000c8e00000|  0%| F|  |TAMS 0x00000000c8d00000, 0x00000000c8d00000| Untracked 
| 106|0x00000000c8e00000, 0x00000000c8e00000, 0x00000000c8f00000|  0%| F|  |TAMS 0x00000000c8e00000, 0x00000000c8e00000| Untracked 
| 107|0x00000000c8f00000, 0x00000000c8f00000, 0x00000000c9000000|  0%| F|  |TAMS 0x00000000c8f00000, 0x00000000c8f00000| Untracked 
| 108|0x00000000c9000000, 0x00000000c9000000, 0x00000000c9100000|  0%| F|  |TAMS 0x00000000c9000000, 0x00000000c9000000| Untracked 
| 109|0x00000000c9100000, 0x00000000c9100000, 0x00000000c9200000|  0%| F|  |TAMS 0x00000000c9100000, 0x00000000c9100000| Untracked 
| 110|0x00000000c9200000, 0x00000000c9200000, 0x00000000c9300000|  0%| F|  |TAMS 0x00000000c9200000, 0x00000000c9200000| Untracked 
| 111|0x00000000c9300000, 0x00000000c9300000, 0x00000000c9400000|  0%| F|  |TAMS 0x00000000c9300000, 0x00000000c9300000| Untracked 
| 112|0x00000000c9400000, 0x00000000c9400000, 0x00000000c9500000|  0%| F|  |TAMS 0x00000000c9400000, 0x00000000c9400000| Untracked 
| 113|0x00000000c9500000, 0x00000000c9500000, 0x00000000c9600000|  0%| F|  |TAMS 0x00000000c9500000, 0x00000000c9500000| Untracked 
| 114|0x00000000c9600000, 0x00000000c9600000, 0x00000000c9700000|  0%| F|  |TAMS 0x00000000c9600000, 0x00000000c9600000| Untracked 
| 115|0x00000000c9700000, 0x00000000c9700000, 0x00000000c9800000|  0%| F|  |TAMS 0x00000000c9700000, 0x00000000c9700000| Untracked 
| 116|0x00000000c9800000, 0x00000000c9800000, 0x00000000c9900000|  0%| F|  |TAMS 0x00000000c9800000, 0x00000000c9800000| Untracked 
| 117|0x00000000c9900000, 0x00000000c9900000, 0x00000000c9a00000|  0%| F|  |TAMS 0x00000000c9900000, 0x00000000c9900000| Untracked 
| 118|0x00000000c9a00000, 0x00000000c9a00000, 0x00000000c9b00000|  0%| F|  |TAMS 0x00000000c9a00000, 0x00000000c9a00000| Untracked 
| 119|0x00000000c9b00000, 0x00000000c9b00000, 0x00000000c9c00000|  0%| F|  |TAMS 0x00000000c9b00000, 0x00000000c9b00000| Untracked 
| 120|0x00000000c9c00000, 0x00000000c9c00000, 0x00000000c9d00000|  0%| F|  |TAMS 0x00000000c9c00000, 0x00000000c9c00000| Untracked 
| 121|0x00000000c9d00000, 0x00000000c9d00000, 0x00000000c9e00000|  0%| F|  |TAMS 0x00000000c9d00000, 0x00000000c9d00000| Untracked 
| 122|0x00000000c9e00000, 0x00000000c9e00000, 0x00000000c9f00000|  0%| F|  |TAMS 0x00000000c9e00000, 0x00000000c9e00000| Untracked 
| 123|0x00000000c9f00000, 0x00000000c9f00000, 0x00000000ca000000|  0%| F|  |TAMS 0x00000000c9f00000, 0x00000000c9f00000| Untracked 
| 124|0x00000000ca000000, 0x00000000ca000000, 0x00000000ca100000|  0%| F|  |TAMS 0x00000000ca000000, 0x00000000ca000000| Untracked 
| 125|0x00000000ca100000, 0x00000000ca100000, 0x00000000ca200000|  0%| F|  |TAMS 0x00000000ca100000, 0x00000000ca100000| Untracked 
| 126|0x00000000ca200000, 0x00000000ca200000, 0x00000000ca300000|  0%| F|  |TAMS 0x00000000ca200000, 0x00000000ca200000| Untracked 
| 127|0x00000000ca300000, 0x00000000ca300000, 0x00000000ca400000|  0%| F|  |TAMS 0x00000000ca300000, 0x00000000ca300000| Untracked 
| 128|0x00000000ca400000, 0x00000000ca400000, 0x00000000ca500000|  0%| F|  |TAMS 0x00000000ca400000, 0x00000000ca400000| Untracked 
| 129|0x00000000ca500000, 0x00000000ca500000, 0x00000000ca600000|  0%| F|  |TAMS 0x00000000ca500000, 0x00000000ca500000| Untracked 
| 130|0x00000000ca600000, 0x00000000ca600000, 0x00000000ca700000|  0%| F|  |TAMS 0x00000000ca600000, 0x00000000ca600000| Untracked 
| 131|0x00000000ca700000, 0x00000000ca700000, 0x00000000ca800000|  0%| F|  |TAMS 0x00000000ca700000, 0x00000000ca700000| Untracked 
| 132|0x00000000ca800000, 0x00000000ca800000, 0x00000000ca900000|  0%| F|  |TAMS 0x00000000ca800000, 0x00000000ca800000| Untracked 
| 133|0x00000000ca900000, 0x00000000ca900000, 0x00000000caa00000|  0%| F|  |TAMS 0x00000000ca900000, 0x00000000ca900000| Untracked 
| 134|0x00000000caa00000, 0x00000000caa00000, 0x00000000cab00000|  0%| F|  |TAMS 0x00000000caa00000, 0x00000000caa00000| Untracked 
| 135|0x00000000cab00000, 0x00000000cab00000, 0x00000000cac00000|  0%| F|  |TAMS 0x00000000cab00000, 0x00000000cab00000| Untracked 
| 136|0x00000000cac00000, 0x00000000cac00000, 0x00000000cad00000|  0%| F|  |TAMS 0x00000000cac00000, 0x00000000cac00000| Untracked 
| 137|0x00000000cad00000, 0x00000000cad00000, 0x00000000cae00000|  0%| F|  |TAMS 0x00000000cad00000, 0x00000000cad00000| Untracked 
| 138|0x00000000cae00000, 0x00000000cae00000, 0x00000000caf00000|  0%| F|  |TAMS 0x00000000cae00000, 0x00000000cae00000| Untracked 
| 139|0x00000000caf00000, 0x00000000caf00000, 0x00000000cb000000|  0%| F|  |TAMS 0x00000000caf00000, 0x00000000caf00000| Untracked 
| 140|0x00000000cb000000, 0x00000000cb000000, 0x00000000cb100000|  0%| F|  |TAMS 0x00000000cb000000, 0x00000000cb000000| Untracked 
| 141|0x00000000cb100000, 0x00000000cb100000, 0x00000000cb200000|  0%| F|  |TAMS 0x00000000cb100000, 0x00000000cb100000| Untracked 
| 142|0x00000000cb200000, 0x00000000cb200000, 0x00000000cb300000|  0%| F|  |TAMS 0x00000000cb200000, 0x00000000cb200000| Untracked 
| 143|0x00000000cb300000, 0x00000000cb300000, 0x00000000cb400000|  0%| F|  |TAMS 0x00000000cb300000, 0x00000000cb300000| Untracked 
| 144|0x00000000cb400000, 0x00000000cb400000, 0x00000000cb500000|  0%| F|  |TAMS 0x00000000cb400000, 0x00000000cb400000| Untracked 
| 145|0x00000000cb500000, 0x00000000cb500000, 0x00000000cb600000|  0%| F|  |TAMS 0x00000000cb500000, 0x00000000cb500000| Untracked 
| 146|0x00000000cb600000, 0x00000000cb600000, 0x00000000cb700000|  0%| F|  |TAMS 0x00000000cb600000, 0x00000000cb600000| Untracked 
| 147|0x00000000cb700000, 0x00000000cb700000, 0x00000000cb800000|  0%| F|  |TAMS 0x00000000cb700000, 0x00000000cb700000| Untracked 
| 148|0x00000000cb800000, 0x00000000cb800000, 0x00000000cb900000|  0%| F|  |TAMS 0x00000000cb800000, 0x00000000cb800000| Untracked 
| 149|0x00000000cb900000, 0x00000000cb900000, 0x00000000cba00000|  0%| F|  |TAMS 0x00000000cb900000, 0x00000000cb900000| Untracked 
| 150|0x00000000cba00000, 0x00000000cba00000, 0x00000000cbb00000|  0%| F|  |TAMS 0x00000000cba00000, 0x00000000cba00000| Untracked 
| 151|0x00000000cbb00000, 0x00000000cbb00000, 0x00000000cbc00000|  0%| F|  |TAMS 0x00000000cbb00000, 0x00000000cbb00000| Untracked 
| 152|0x00000000cbc00000, 0x00000000cbc00000, 0x00000000cbd00000|  0%| F|  |TAMS 0x00000000cbc00000, 0x00000000cbc00000| Untracked 
| 153|0x00000000cbd00000, 0x00000000cbd00000, 0x00000000cbe00000|  0%| F|  |TAMS 0x00000000cbd00000, 0x00000000cbd00000| Untracked 
| 154|0x00000000cbe00000, 0x00000000cbe00000, 0x00000000cbf00000|  0%| F|  |TAMS 0x00000000cbe00000, 0x00000000cbe00000| Untracked 
| 155|0x00000000cbf00000, 0x00000000cbf00000, 0x00000000cc000000|  0%| F|  |TAMS 0x00000000cbf00000, 0x00000000cbf00000| Untracked 
| 156|0x00000000cc000000, 0x00000000cc000000, 0x00000000cc100000|  0%| F|  |TAMS 0x00000000cc000000, 0x00000000cc000000| Untracked 
| 157|0x00000000cc100000, 0x00000000cc100000, 0x00000000cc200000|  0%| F|  |TAMS 0x00000000cc100000, 0x00000000cc100000| Untracked 
| 158|0x00000000cc200000, 0x00000000cc200000, 0x00000000cc300000|  0%| F|  |TAMS 0x00000000cc200000, 0x00000000cc200000| Untracked 
| 159|0x00000000cc300000, 0x00000000cc300000, 0x00000000cc400000|  0%| F|  |TAMS 0x00000000cc300000, 0x00000000cc300000| Untracked 
| 160|0x00000000cc400000, 0x00000000cc400000, 0x00000000cc500000|  0%| F|  |TAMS 0x00000000cc400000, 0x00000000cc400000| Untracked 
| 161|0x00000000cc500000, 0x00000000cc500000, 0x00000000cc600000|  0%| F|  |TAMS 0x00000000cc500000, 0x00000000cc500000| Untracked 
| 162|0x00000000cc600000, 0x00000000cc600000, 0x00000000cc700000|  0%| F|  |TAMS 0x00000000cc600000, 0x00000000cc600000| Untracked 
| 163|0x00000000cc700000, 0x00000000cc700000, 0x00000000cc800000|  0%| F|  |TAMS 0x00000000cc700000, 0x00000000cc700000| Untracked 
| 164|0x00000000cc800000, 0x00000000cc800000, 0x00000000cc900000|  0%| F|  |TAMS 0x00000000cc800000, 0x00000000cc800000| Untracked 
| 165|0x00000000cc900000, 0x00000000cc900000, 0x00000000cca00000|  0%| F|  |TAMS 0x00000000cc900000, 0x00000000cc900000| Untracked 
| 166|0x00000000cca00000, 0x00000000cca00000, 0x00000000ccb00000|  0%| F|  |TAMS 0x00000000cca00000, 0x00000000cca00000| Untracked 
| 167|0x00000000ccb00000, 0x00000000ccb00000, 0x00000000ccc00000|  0%| F|  |TAMS 0x00000000ccb00000, 0x00000000ccb00000| Untracked 
| 168|0x00000000ccc00000, 0x00000000ccc00000, 0x00000000ccd00000|  0%| F|  |TAMS 0x00000000ccc00000, 0x00000000ccc00000| Untracked 
| 169|0x00000000ccd00000, 0x00000000ccd00000, 0x00000000cce00000|  0%| F|  |TAMS 0x00000000ccd00000, 0x00000000ccd00000| Untracked 
| 170|0x00000000cce00000, 0x00000000cce00000, 0x00000000ccf00000|  0%| F|  |TAMS 0x00000000cce00000, 0x00000000cce00000| Untracked 
| 171|0x00000000ccf00000, 0x00000000ccf00000, 0x00000000cd000000|  0%| F|  |TAMS 0x00000000ccf00000, 0x00000000ccf00000| Untracked 
| 172|0x00000000cd000000, 0x00000000cd000000, 0x00000000cd100000|  0%| F|  |TAMS 0x00000000cd000000, 0x00000000cd000000| Untracked 
| 173|0x00000000cd100000, 0x00000000cd100000, 0x00000000cd200000|  0%| F|  |TAMS 0x00000000cd100000, 0x00000000cd100000| Untracked 
| 174|0x00000000cd200000, 0x00000000cd200000, 0x00000000cd300000|  0%| F|  |TAMS 0x00000000cd200000, 0x00000000cd200000| Untracked 
| 175|0x00000000cd300000, 0x00000000cd300000, 0x00000000cd400000|  0%| F|  |TAMS 0x00000000cd300000, 0x00000000cd300000| Untracked 
| 176|0x00000000cd400000, 0x00000000cd400000, 0x00000000cd500000|  0%| F|  |TAMS 0x00000000cd400000, 0x00000000cd400000| Untracked 
| 177|0x00000000cd500000, 0x00000000cd500000, 0x00000000cd600000|  0%| F|  |TAMS 0x00000000cd500000, 0x00000000cd500000| Untracked 
| 178|0x00000000cd600000, 0x00000000cd600000, 0x00000000cd700000|  0%| F|  |TAMS 0x00000000cd600000, 0x00000000cd600000| Untracked 
| 179|0x00000000cd700000, 0x00000000cd74fdd0, 0x00000000cd800000| 31%| S|CS|TAMS 0x00000000cd700000, 0x00000000cd700000| Complete 
| 180|0x00000000cd800000, 0x00000000cd800000, 0x00000000cd900000|  0%| F|  |TAMS 0x00000000cd800000, 0x00000000cd800000| Untracked 
| 181|0x00000000cd900000, 0x00000000cd900000, 0x00000000cda00000|  0%| F|  |TAMS 0x00000000cd900000, 0x00000000cd900000| Untracked 
| 182|0x00000000cda00000, 0x00000000cda00000, 0x00000000cdb00000|  0%| F|  |TAMS 0x00000000cda00000, 0x00000000cda00000| Untracked 
| 183|0x00000000cdb00000, 0x00000000cdb00000, 0x00000000cdc00000|  0%| F|  |TAMS 0x00000000cdb00000, 0x00000000cdb00000| Untracked 
| 184|0x00000000cdc00000, 0x00000000cdc00000, 0x00000000cdd00000|  0%| F|  |TAMS 0x00000000cdc00000, 0x00000000cdc00000| Untracked 
| 185|0x00000000cdd00000, 0x00000000cdd00000, 0x00000000cde00000|  0%| F|  |TAMS 0x00000000cdd00000, 0x00000000cdd00000| Untracked 
| 186|0x00000000cde00000, 0x00000000cde00000, 0x00000000cdf00000|  0%| F|  |TAMS 0x00000000cde00000, 0x00000000cde00000| Untracked 
| 187|0x00000000cdf00000, 0x00000000cdf00000, 0x00000000ce000000|  0%| F|  |TAMS 0x00000000cdf00000, 0x00000000cdf00000| Untracked 
| 986|0x00000000ffe00000, 0x00000000ffe47000, 0x00000000fff00000| 27%|OA|  |TAMS 0x00000000ffe00000, 0x00000000ffe00000| Untracked 
| 987|0x00000000fff00000, 0x00000000fff72000, 0x0000000100000000| 44%|CA|  |TAMS 0x00000000fff00000, 0x00000000fff00000| Untracked 

Card table byte_map: [0x00007f72f8674000,0x00007f72f8862000] _byte_map_base: 0x00007f72f8062000

Marking Bits (Prev, Next): (CMBitMap*) 0x00007f72f4050a18, (CMBitMap*) 0x00007f72f4050a58
 Prev Bits: [0x00007f72dbc08000, 0x00007f72dcb78000)
 Next Bits: [0x00007f72dac98000, 0x00007f72dbc08000)

Polling page: 0x00007f72fc7b5000

Metaspace:

Usage:
  Non-class:      9.94 MB capacity,     8.97 MB ( 90%) used,   978.29 KB ( 10%) free+waste,    13.50 KB ( <1%) overhead. 
      Class:      1.10 MB capacity,   942.02 KB ( 83%) used,   182.30 KB ( 16%) free+waste,     5.69 KB ( <1%) overhead. 
       Both:     11.05 MB capacity,     9.89 MB ( 90%) used,     1.13 MB ( 10%) free+waste,    19.19 KB ( <1%) overhead. 

Virtual space:
  Non-class space:       10.00 MB reserved,      10.00 MB (100%) committed 
      Class space:        1.00 GB reserved,       1.12 MB ( <1%) committed 
             Both:        1.01 GB reserved,      11.12 MB (  1%) committed 

Chunk freelists:
   Non-Class:  4.25 KB
       Class:  2.25 KB
        Both:  6.50 KB

CodeHeap 'non-profiled nmethods': size=120036Kb used=1131Kb max_used=1131Kb free=118904Kb
 bounds [0x00007f72e463f000, 0x00007f72e48af000, 0x00007f72ebb78000]
CodeHeap 'profiled nmethods': size=120032Kb used=6291Kb max_used=6291Kb free=113740Kb
 bounds [0x00007f72dd107000, 0x00007f72dd737000, 0x00007f72e463f000]
CodeHeap 'non-nmethods': size=5692Kb used=1129Kb max_used=1168Kb free=4562Kb
 bounds [0x00007f72dcb78000, 0x00007f72dcde8000, 0x00007f72dd107000]
 total_blobs=3519 nmethods=2465 adapters=359
 compilation: enabled
              stopped_count=0, restarted_count=0
 full_count=0

Compilation events (10 events):
Event: 27.226 Thread 0x00007f72f40ce000 nmethod 2490 0x00007f72dd725a90 code [0x00007f72dd725ca0, 0x00007f72dd7262b8]
Event: 27.447 Thread 0x00007f72f40ce000 2491       3       org.llrp.ltk.types.LLRPMessage::<init> (44 bytes)
Event: 27.980 Thread 0x00007f72f40cc000 nmethod 2487 0x00007f72e4758f90 code [0x00007f72e4759180, 0x00007f72e4759a48]
Event: 28.117 Thread 0x00007f72f40cc000 2488   !   4       java.util.zip.ZipFile::getInputStream (327 bytes)
Event: 28.707 Thread 0x00007f72f40ce000 nmethod 2491 0x00007f72dd726490 code [0x00007f72dd7266e0, 0x00007f72dd727188]
Event: 29.428 Thread 0x00007f72f40ce000 2485       3       sun.net.www.protocol.file.FileURLConnection::<init> (38 bytes)
Event: 31.593 Thread 0x00007f72f40ce000 nmethod 2485 0x00007f72dd727490 code [0x00007f72dd727680, 0x00007f72dd727af8]
Event: 31.784 Thread 0x00007f72f40ce000 2496   !   3       java.util.ServiceLoader$LazyClassPathLookupIterator::nextProviderClass (248 bytes)
Event: 33.344 Thread 0x00007f72f40ce000 nmethod 2496 0x00007f72dd727c90 code [0x00007f72dd728260, 0x00007f72dd72aef8]
Event: 33.513 Thread 0x00007f72f40ce000 2495       3       java.util.HashMap::<init> (98 bytes)

GC Heap History (10 events):
Event: 9.227 GC heap after
{Heap after GC invocations=12 (full 0):
 garbage-first heap   total 144384K, used 3452K [0x00000000c2400000, 0x0000000100000000)
  region size 1024K, 3 young (3072K), 3 survivors (3072K)
 Metaspace       used 10125K, capacity 11312K, committed 11392K, reserved 1058816K
  class space    used 942K, capacity 1130K, committed 1152K, reserved 1048576K
}
Event: 10.420 GC heap before
{Heap before GC invocations=12 (full 0):
 garbage-first heap   total 144384K, used 86396K [0x00000000c2400000, 0x0000000100000000)
  region size 1024K, 84 young (86016K), 3 survivors (3072K)
 Metaspace       used 10131K, capacity 11312K, committed 11392K, reserved 1058816K
  class space    used 942K, capacity 1130K, committed 1152K, reserved 1048576K
}
Event: 10.444 GC heap after
{Heap after GC invocations=13 (full 0):
 garbage-first heap   total 194560K, used 3463K [0x00000000c2400000, 0x0000000100000000)
  region size 1024K, 3 young (3072K), 3 survivors (3072K)
 Metaspace       used 10131K, capacity 11312K, committed 11392K, reserved 1058816K
  class space    used 942K, capacity 1130K, committed 1152K, reserved 1048576K
}
Event: 30.686 GC heap before
{Heap before GC invocations=13 (full 0):
 garbage-first heap   total 194560K, used 117127K [0x00000000c2400000, 0x0000000100000000)
  region size 1024K, 114 young (116736K), 3 survivors (3072K)
 Metaspace       used 10132K, capacity 11312K, committed 11392K, reserved 1058816K
  class space    used 942K, capacity 1130K, committed 1152K, reserved 1048576K
}
Event: 31.457 GC heap after
{Heap after GC invocations=14 (full 0):
 garbage-first heap   total 194560K, used 3465K [0x00000000c2400000, 0x0000000100000000)
  region size 1024K, 3 young (3072K), 3 survivors (3072K)
 Metaspace       used 10132K, capacity 11312K, committed 11392K, reserved 1058816K
  class space    used 942K, capacity 1130K, committed 1152K, reserved 1048576K
}
Event: 32.498 GC heap before
{Heap before GC invocations=14 (full 0):
 garbage-first heap   total 194560K, used 9609K [0x00000000c2400000, 0x0000000100000000)
  region size 1024K, 9 young (9216K), 3 survivors (3072K)
 Metaspace       used 10132K, capacity 11312K, committed 11392K, reserved 1058816K
  class space    used 942K, capacity 1130K, committed 1152K, reserved 1048576K
}
Event: 33.233 GC heap after
{Heap after GC invocations=15 (full 0):
 garbage-first heap   total 194560K, used 3695K [0x00000000c2400000, 0x0000000100000000)
  region size 1024K, 1 young (1024K), 1 survivors (1024K)
 Metaspace       used 10132K, capacity 11312K, committed 11392K, reserved 1058816K
  class space    used 942K, capacity 1130K, committed 1152K, reserved 1048576K
}
Event: 33.600 GC heap before
{Heap before GC invocations=15 (full 0):
 garbage-first heap   total 194560K, used 11887K [0x00000000c2400000, 0x0000000100000000)
  region size 1024K, 9 young (9216K), 1 survivors (1024K)
 Metaspace       used 10132K, capacity 11312K, committed 11392K, reserved 1058816K
  class space    used 942K, capacity 1130K, committed 1152K, reserved 1048576K
}
Event: 34.046 GC heap after
{Heap after GC invocations=16 (full 0):
 garbage-first heap   total 194560K, used 3569K [0x00000000c2400000, 0x0000000100000000)
  region size 1024K, 1 young (1024K), 1 survivors (1024K)
 Metaspace       used 10132K, capacity 11312K, committed 11392K, reserved 1058816K
  class space    used 942K, capacity 1130K, committed 1152K, reserved 1048576K
}
Event: 34.317 GC heap before
{Heap before GC invocations=16 (full 0):
 garbage-first heap   total 194560K, used 11761K [0x00000000c2400000, 0x0000000100000000)
  region size 1024K, 9 young (9216K), 1 survivors (1024K)
 Metaspace       used 10132K, capacity 11312K, committed 11392K, reserved 1058816K
  class space    used 942K, capacity 1130K, committed 1152K, reserved 1048576K
}

Deoptimization events (10 events):
Event: 1.468 Thread 0x00007f72f4012800 Uncommon trap: reason=unstable_if action=reinterpret pc=0x00007f72e4666dc0 method=java.lang.StringLatin1.replace([BCC)Ljava/lang/String; @ 19 c2
Event: 1.516 Thread 0x00007f72f4012800 Uncommon trap: reason=unstable_if action=reinterpret pc=0x00007f72e465abfc method=java.lang.String.startsWith(Ljava/lang/String;I)Z @ 14 c2
Event: 1.564 Thread 0x00007f72f4012800 Uncommon trap: reason=bimorphic_or_optimized_type_check action=maybe_recompile pc=0x00007f72e4679518 method=java.util.HashMap.getNode(ILjava/lang/Object;)Ljava/util/HashMap$Node; @ 126 c2
Event: 1.564 Thread 0x00007f72f4012800 Uncommon trap: reason=bimorphic_or_optimized_type_check action=maybe_recompile pc=0x00007f72e4679518 method=java.util.HashMap.getNode(ILjava/lang/Object;)Ljava/util/HashMap$Node; @ 126 c2
Event: 1.564 Thread 0x00007f72f4012800 Uncommon trap: reason=bimorphic_or_optimized_type_check action=maybe_recompile pc=0x00007f72e4679518 method=java.util.HashMap.getNode(ILjava/lang/Object;)Ljava/util/HashMap$Node; @ 126 c2
Event: 1.564 Thread 0x00007f72f4012800 Uncommon trap: reason=bimorphic_or_optimized_type_check action=maybe_recompile pc=0x00007f72e4679518 method=java.util.HashMap.getNode(ILjava/lang/Object;)Ljava/util/HashMap$Node; @ 126 c2
Event: 2.739 Thread 0x00007f7298013800 Uncommon trap: reason=profile_predicate action=maybe_recompile pc=0x00007f72e46c58a4 method=java.math.BigInteger.longValue()J @ 5 c2
Event: 2.739 Thread 0x00007f7298013800 Uncommon trap: reason=profile_predicate action=maybe_recompile pc=0x00007f72e46c58a4 method=java.math.BigInteger.longValue()J @ 5 c2
Event: 2.739 Thread 0x00007f7298013800 Uncommon trap: reason=profile_predicate action=maybe_recompile pc=0x00007f72e46c58a4 method=java.math.BigInteger.longValue()J @ 5 c2
Event: 2.739 Thread 0x00007f7298013800 Uncommon trap: reason=profile_predicate action=maybe_recompile pc=0x00007f72e46c58a4 method=java.math.BigInteger.longValue()J @ 5 c2

Classes redefined (0 events):
No events

Internal exceptions (1 events):
Event: 1.471 Thread 0x00007f72f4012800 Exception <a 'java/lang/NoSuchMethodError'{0x00000000c4f93870}: java.lang.invoke.DirectMethodHandle$Holder.invokeSpecialIFC(Ljava/lang/Object;Ljava/lang/Object;I)I> (0x00000000c4f93870) thrown at [/scratch/opt/mach5/mesos/work_dir/slaves/2dd962d0-8988-479

Events (10 events):
Event: 10.444 Executing VM operation: G1CollectForAllocation done
Event: 10.687 Thread 0x00007f7298013800 DEOPT PACKING pc=0x00007f72dd48d7fa sp=0x00007f72c25f65d0
Event: 10.731 Thread 0x00007f7298013800 DEOPT UNPACKING pc=0x00007f72dcba10ba sp=0x00007f72c25f5a58 mode 0
Event: 30.585 Executing VM operation: G1CollectForAllocation
Event: 31.529 Executing VM operation: G1CollectForAllocation done
Event: 32.307 Executing VM operation: G1CollectForAllocation
Event: 33.330 Executing VM operation: G1CollectForAllocation done
Event: 33.463 Executing VM operation: G1CollectForAllocation
Event: 34.093 Executing VM operation: G1CollectForAllocation done
Event: 34.199 Executing VM operation: G1CollectForAllocation


Dynamic libraries:
00400000-00401000 r-xp 00000000 08:01 1192646                            /usr/lib/jvm/jdk-12.0.1/bin/java
00600000-00601000 r--p 00000000 08:01 1192646                            /usr/lib/jvm/jdk-12.0.1/bin/java
00601000-00602000 rw-p 00001000 08:01 1192646                            /usr/lib/jvm/jdk-12.0.1/bin/java
00675000-00696000 rw-p 00000000 00:00 0                                  [heap]
c2400000-ce000000 rw-p 00000000 00:00 0 
d8000000-ffe00000 ---p 00000000 00:00 0 
ffe00000-ffe47000 rw-p 0119c000 08:01 1062117                            /usr/lib/jvm/jdk-12.0.1/lib/server/classes.jsa
ffe47000-fff00000 rw-p 00000000 00:00 0 
fff00000-fff72000 rw-p 0112a000 08:01 1062117                            /usr/lib/jvm/jdk-12.0.1/lib/server/classes.jsa
fff72000-100000000 rw-p 00000000 00:00 0 
800000000-800003000 rwxp 00001000 08:01 1062117                          /usr/lib/jvm/jdk-12.0.1/lib/server/classes.jsa
800003000-8003d9000 rw-p 00004000 08:01 1062117                          /usr/lib/jvm/jdk-12.0.1/lib/server/classes.jsa
8003d9000-800ae3000 r--p 003da000 08:01 1062117                          /usr/lib/jvm/jdk-12.0.1/lib/server/classes.jsa
800ae3000-800ae4000 rw-p 00ae4000 08:01 1062117                          /usr/lib/jvm/jdk-12.0.1/lib/server/classes.jsa
800ae4000-801129000 r--p 00ae5000 08:01 1062117                          /usr/lib/jvm/jdk-12.0.1/lib/server/classes.jsa
801129000-801249000 rw-p 00000000 00:00 0 
801249000-841129000 ---p 00000000 00:00 0 
7f7298000000-7f729803a000 rw-p 00000000 00:00 0 
7f729803a000-7f729c000000 ---p 00000000 00:00 0 
7f72a0000000-7f72a0024000 rw-p 00000000 00:00 0 
7f72a0024000-7f72a4000000 ---p 00000000 00:00 0 
7f72a4000000-7f72a40d2000 rw-p 00000000 00:00 0 
7f72a40d2000-7f72a8000000 ---p 00000000 00:00 0 
7f72a8000000-7f72a9008000 rw-p 00000000 00:00 0 
7f72a9008000-7f72ac000000 ---p 00000000 00:00 0 
7f72ac000000-7f72acff2000 rw-p 00000000 00:00 0 
7f72acff2000-7f72b0000000 ---p 00000000 00:00 0 
7f72b0000000-7f72b0021000 rw-p 00000000 00:00 0 
7f72b0021000-7f72b4000000 ---p 00000000 00:00 0 
7f72b4000000-7f72b4021000 rw-p 00000000 00:00 0 
7f72b4021000-7f72b8000000 ---p 00000000 00:00 0 
7f72b8000000-7f72b8021000 rw-p 00000000 00:00 0 
7f72b8021000-7f72bc000000 ---p 00000000 00:00 0 
7f72bc000000-7f72bc1c7000 rw-p 00000000 00:00 0 
7f72bc1c7000-7f72c0000000 ---p 00000000 00:00 0 
7f72c1faa000-7f72c23f6000 rw-p 00000000 00:00 0 
7f72c23f6000-7f72c23f7000 ---p 00000000 00:00 0 
7f72c23f7000-7f72c24f8000 rw-p 00000000 00:00 0 
7f72c24f8000-7f72c24fc000 ---p 00000000 00:00 0 
7f72c24fc000-7f72c25f9000 rw-p 00000000 00:00 0 
7f72c25f9000-7f72c25fd000 ---p 00000000 00:00 0 
7f72c25fd000-7f72c26fa000 rw-p 00000000 00:00 0 
7f72c26fa000-7f72c26fc000 r-xp 00000000 08:01 924785                     /usr/lib/jvm/jdk-12.0.1/lib/libextnet.so
7f72c26fc000-7f72c28fb000 ---p 00002000 08:01 924785                     /usr/lib/jvm/jdk-12.0.1/lib/libextnet.so
7f72c28fb000-7f72c28fc000 r--p 00001000 08:01 924785                     /usr/lib/jvm/jdk-12.0.1/lib/libextnet.so
7f72c28fc000-7f72c28fd000 rw-p 00002000 08:01 924785                     /usr/lib/jvm/jdk-12.0.1/lib/libextnet.so
7f72c28fd000-7f72c2913000 r-xp 00000000 08:01 932720                     /usr/lib/jvm/jdk-12.0.1/lib/libnet.so
7f72c2913000-7f72c2b13000 ---p 00016000 08:01 932720                     /usr/lib/jvm/jdk-12.0.1/lib/libnet.so
7f72c2b13000-7f72c2b14000 r--p 00016000 08:01 932720                     /usr/lib/jvm/jdk-12.0.1/lib/libnet.so
7f72c2b14000-7f72c2b15000 rw-p 00017000 08:01 932720                     /usr/lib/jvm/jdk-12.0.1/lib/libnet.so
7f72c2b15000-7f72c2b26000 r-xp 00000000 08:01 932717                     /usr/lib/jvm/jdk-12.0.1/lib/libnio.so
7f72c2b26000-7f72c2d25000 ---p 00011000 08:01 932717                     /usr/lib/jvm/jdk-12.0.1/lib/libnio.so
7f72c2d25000-7f72c2d26000 r--p 00010000 08:01 932717                     /usr/lib/jvm/jdk-12.0.1/lib/libnio.so
7f72c2d26000-7f72c2d27000 rw-p 00011000 08:01 932717                     /usr/lib/jvm/jdk-12.0.1/lib/libnio.so
7f72c2d27000-7f72c2d2b000 ---p 00000000 00:00 0 
7f72c2d2b000-7f72c2e28000 rw-p 00000000 00:00 0 
7f72c2e28000-7f72c2e29000 ---p 00000000 00:00 0 
7f72c2e29000-7f72c2f2a000 rw-p 00000000 00:00 0 
7f72c2f2a000-7f72c2f2e000 ---p 00000000 00:00 0 
7f72c2f2e000-7f72c302b000 rw-p 00000000 00:00 0 
7f72c302b000-7f72c302f000 ---p 00000000 00:00 0 
7f72c302f000-7f72c312c000 rw-p 00000000 00:00 0 
7f72c312c000-7f72c3130000 ---p 00000000 00:00 0 
7f72c3130000-7f72c322d000 rw-p 00000000 00:00 0 
7f72c322d000-7f72c3231000 ---p 00000000 00:00 0 
7f72c3231000-7f72c332e000 rw-p 00000000 00:00 0 
7f72c332e000-7f72c3332000 ---p 00000000 00:00 0 
7f72c3332000-7f72c342f000 rw-p 00000000 00:00 0 
7f72c342f000-7f72c3dfe000 r--p 00000000 08:01 399964                     /usr/lib/locale/locale-archive
7f72c3dfe000-7f72c3e02000 ---p 00000000 00:00 0 
7f72c3e02000-7f72c3eff000 rw-p 00000000 00:00 0 
7f72c3eff000-7f72c3f03000 ---p 00000000 00:00 0 
7f72c3f03000-7f72c4000000 rw-p 00000000 00:00 0 
7f72c4000000-7f72c4021000 rw-p 00000000 00:00 0 
7f72c4021000-7f72c8000000 ---p 00000000 00:00 0 
7f72c8000000-7f72c8021000 rw-p 00000000 00:00 0 
7f72c8021000-7f72cc000000 ---p 00000000 00:00 0 
7f72cc000000-7f72cc021000 rw-p 00000000 00:00 0 
7f72cc021000-7f72d0000000 ---p 00000000 00:00 0 
7f72d0000000-7f72d0021000 rw-p 00000000 00:00 0 
7f72d0021000-7f72d4000000 ---p 00000000 00:00 0 
7f72d4000000-7f72d4021000 rw-p 00000000 00:00 0 
7f72d4021000-7f72d8000000 ---p 00000000 00:00 0 
7f72d8010000-7f72d8011000 ---p 00000000 00:00 0 
7f72d8011000-7f72d8993000 rw-p 00000000 00:00 0 
7f72d8993000-7f72d8994000 ---p 00000000 00:00 0 
7f72d8994000-7f72d8a95000 rw-p 00000000 00:00 0 
7f72d8a95000-7f72d8a96000 ---p 00000000 00:00 0 
7f72d8a96000-7f72daf88000 rw-p 00000000 00:00 0 
7f72daf88000-7f72dbc00000 ---p 00000000 00:00 0 
7f72dbc00000-7f72dbef8000 rw-p 00000000 00:00 0 
7f72dbef8000-7f72dcb70000 ---p 00000000 00:00 0 
7f72dcb70000-7f72dcb78000 rw-p 00000000 00:00 0 
7f72dcb78000-7f72dcde8000 rwxp 00000000 00:00 0 
7f72dcde8000-7f72dd107000 ---p 00000000 00:00 0 
7f72dd107000-7f72dd737000 rwxp 00000000 00:00 0 
7f72dd737000-7f72e463f000 ---p 00000000 00:00 0 
7f72e463f000-7f72e48af000 rwxp 00000000 00:00 0 
7f72e48af000-7f72ebb78000 ---p 00000000 00:00 0 
7f72ebb78000-7f72f4000000 r--s 00000000 08:01 924765                     /usr/lib/jvm/jdk-12.0.1/lib/modules
7f72f4000000-7f72f430b000 rw-p 00000000 00:00 0 
7f72f430b000-7f72f8000000 ---p 00000000 00:00 0 
7f72f8024000-7f72f8180000 rw-p 00000000 00:00 0 
7f72f8180000-7f72f8181000 ---p 00000000 00:00 0 
7f72f8181000-7f72f8282000 rw-p 00000000 00:00 0 
7f72f8282000-7f72f8283000 ---p 00000000 00:00 0 
7f72f8283000-7f72f8384000 rw-p 00000000 00:00 0 
7f72f8384000-7f72f8385000 ---p 00000000 00:00 0 
7f72f8385000-7f72f84e4000 rw-p 00000000 00:00 0 
7f72f84e4000-7f72f8673000 ---p 00000000 00:00 0 
7f72f8673000-7f72f86d2000 rw-p 00000000 00:00 0 
7f72f86d2000-7f72f8861000 ---p 00000000 00:00 0 
7f72f8861000-7f72f88c0000 rw-p 00000000 00:00 0 
7f72f88c0000-7f72f8a4f000 ---p 00000000 00:00 0 
7f72f8a4f000-7f72f8c57000 rw-p 00000000 00:00 0 
7f72f8c57000-7f72f8d3d000 ---p 00000000 00:00 0 
7f72f8d3d000-7f72f8d4a000 rw-p 00000000 00:00 0 
7f72f8d4a000-7f72f8e28000 ---p 00000000 00:00 0 
7f72f8e28000-7f72f8e43000 r-xp 00000000 08:01 932710                     /usr/lib/jvm/jdk-12.0.1/lib/libjimage.so
7f72f8e43000-7f72f9042000 ---p 0001b000 08:01 932710                     /usr/lib/jvm/jdk-12.0.1/lib/libjimage.so
7f72f9042000-7f72f9044000 r--p 0001a000 08:01 932710                     /usr/lib/jvm/jdk-12.0.1/lib/libjimage.so
7f72f9044000-7f72f9045000 rw-p 0001c000 08:01 932710                     /usr/lib/jvm/jdk-12.0.1/lib/libjimage.so
7f72f9045000-7f72f904c000 r-xp 00000000 08:01 932712                     /usr/lib/jvm/jdk-12.0.1/lib/libzip.so
7f72f904c000-7f72f924b000 ---p 00007000 08:01 932712                     /usr/lib/jvm/jdk-12.0.1/lib/libzip.so
7f72f924b000-7f72f924c000 r--p 00006000 08:01 932712                     /usr/lib/jvm/jdk-12.0.1/lib/libzip.so
7f72f924c000-7f72f924d000 rw-p 00007000 08:01 932712                     /usr/lib/jvm/jdk-12.0.1/lib/libzip.so
7f72f924d000-7f72f9258000 r-xp 00000000 08:01 1972054                    /lib/x86_64-linux-gnu/libnss_files-2.27.so
7f72f9258000-7f72f9457000 ---p 0000b000 08:01 1972054                    /lib/x86_64-linux-gnu/libnss_files-2.27.so
7f72f9457000-7f72f9458000 r--p 0000a000 08:01 1972054                    /lib/x86_64-linux-gnu/libnss_files-2.27.so
7f72f9458000-7f72f9459000 rw-p 0000b000 08:01 1972054                    /lib/x86_64-linux-gnu/libnss_files-2.27.so
7f72f9459000-7f72f945f000 rw-p 00000000 00:00 0 
7f72f945f000-7f72f9476000 r-xp 00000000 08:01 1972048                    /lib/x86_64-linux-gnu/libnsl-2.27.so
7f72f9476000-7f72f9675000 ---p 00017000 08:01 1972048                    /lib/x86_64-linux-gnu/libnsl-2.27.so
7f72f9675000-7f72f9676000 r--p 00016000 08:01 1972048                    /lib/x86_64-linux-gnu/libnsl-2.27.so
7f72f9676000-7f72f9677000 rw-p 00017000 08:01 1972048                    /lib/x86_64-linux-gnu/libnsl-2.27.so
7f72f9677000-7f72f9679000 rw-p 00000000 00:00 0 
7f72f9679000-7f72f9684000 r-xp 00000000 08:01 1972065                    /lib/x86_64-linux-gnu/libnss_nis-2.27.so
7f72f9684000-7f72f9883000 ---p 0000b000 08:01 1972065                    /lib/x86_64-linux-gnu/libnss_nis-2.27.so
7f72f9883000-7f72f9884000 r--p 0000a000 08:01 1972065                    /lib/x86_64-linux-gnu/libnss_nis-2.27.so
7f72f9884000-7f72f9885000 rw-p 0000b000 08:01 1972065                    /lib/x86_64-linux-gnu/libnss_nis-2.27.so
7f72f9885000-7f72f988d000 r-xp 00000000 08:01 1972050                    /lib/x86_64-linux-gnu/libnss_compat-2.27.so
7f72f988d000-7f72f9a8d000 ---p 00008000 08:01 1972050                    /lib/x86_64-linux-gnu/libnss_compat-2.27.so
7f72f9a8d000-7f72f9a8e000 r--p 00008000 08:01 1972050                    /lib/x86_64-linux-gnu/libnss_compat-2.27.so
7f72f9a8e000-7f72f9a8f000 rw-p 00009000 08:01 1972050                    /lib/x86_64-linux-gnu/libnss_compat-2.27.so
7f72f9a8f000-7f72f9ab7000 r-xp 00000000 08:01 924767                     /usr/lib/jvm/jdk-12.0.1/lib/libjava.so
7f72f9ab7000-7f72f9cb6000 ---p 00028000 08:01 924767                     /usr/lib/jvm/jdk-12.0.1/lib/libjava.so
7f72f9cb6000-7f72f9cb7000 r--p 00027000 08:01 924767                     /usr/lib/jvm/jdk-12.0.1/lib/libjava.so
7f72f9cb7000-7f72f9cb9000 rw-p 00028000 08:01 924767                     /usr/lib/jvm/jdk-12.0.1/lib/libjava.so
7f72f9cb9000-7f72f9cc6000 r-xp 00000000 08:01 932725                     /usr/lib/jvm/jdk-12.0.1/lib/libverify.so
7f72f9cc6000-7f72f9ec5000 ---p 0000d000 08:01 932725                     /usr/lib/jvm/jdk-12.0.1/lib/libverify.so
7f72f9ec5000-7f72f9ec7000 r--p 0000c000 08:01 932725                     /usr/lib/jvm/jdk-12.0.1/lib/libverify.so
7f72f9ec7000-7f72f9ec8000 rw-p 0000e000 08:01 932725                     /usr/lib/jvm/jdk-12.0.1/lib/libverify.so
7f72f9ec8000-7f72f9ecf000 r-xp 00000000 08:01 1972105                    /lib/x86_64-linux-gnu/librt-2.27.so
7f72f9ecf000-7f72fa0ce000 ---p 00007000 08:01 1972105                    /lib/x86_64-linux-gnu/librt-2.27.so
7f72fa0ce000-7f72fa0cf000 r--p 00006000 08:01 1972105                    /lib/x86_64-linux-gnu/librt-2.27.so
7f72fa0cf000-7f72fa0d0000 rw-p 00007000 08:01 1972105                    /lib/x86_64-linux-gnu/librt-2.27.so
7f72fa0d0000-7f72fa26d000 r-xp 00000000 08:01 1972027                    /lib/x86_64-linux-gnu/libm-2.27.so
7f72fa26d000-7f72fa46c000 ---p 0019d000 08:01 1972027                    /lib/x86_64-linux-gnu/libm-2.27.so
7f72fa46c000-7f72fa46d000 r--p 0019c000 08:01 1972027                    /lib/x86_64-linux-gnu/libm-2.27.so
7f72fa46d000-7f72fa46e000 rw-p 0019d000 08:01 1972027                    /lib/x86_64-linux-gnu/libm-2.27.so
7f72fa46e000-7f72fb5d2000 r-xp 00000000 08:01 1062118                    /usr/lib/jvm/jdk-12.0.1/lib/server/libjvm.so
7f72fb5d2000-7f72fb7d2000 ---p 01164000 08:01 1062118                    /usr/lib/jvm/jdk-12.0.1/lib/server/libjvm.so
7f72fb7d2000-7f72fb893000 r--p 01164000 08:01 1062118                    /usr/lib/jvm/jdk-12.0.1/lib/server/libjvm.so
7f72fb893000-7f72fb8cc000 rw-p 01225000 08:01 1062118                    /usr/lib/jvm/jdk-12.0.1/lib/server/libjvm.so
7f72fb8cc000-7f72fb94f000 rw-p 00000000 00:00 0 
7f72fb94f000-7f72fbb36000 r-xp 00000000 08:01 1971964                    /lib/x86_64-linux-gnu/libc-2.27.so
7f72fbb36000-7f72fbd36000 ---p 001e7000 08:01 1971964                    /lib/x86_64-linux-gnu/libc-2.27.so
7f72fbd36000-7f72fbd3a000 r--p 001e7000 08:01 1971964                    /lib/x86_64-linux-gnu/libc-2.27.so
7f72fbd3a000-7f72fbd3c000 rw-p 001eb000 08:01 1971964                    /lib/x86_64-linux-gnu/libc-2.27.so
7f72fbd3c000-7f72fbd40000 rw-p 00000000 00:00 0 
7f72fbd40000-7f72fbd43000 r-xp 00000000 08:01 1971987                    /lib/x86_64-linux-gnu/libdl-2.27.so
7f72fbd43000-7f72fbf42000 ---p 00003000 08:01 1971987                    /lib/x86_64-linux-gnu/libdl-2.27.so
7f72fbf42000-7f72fbf43000 r--p 00002000 08:01 1971987                    /lib/x86_64-linux-gnu/libdl-2.27.so
7f72fbf43000-7f72fbf44000 rw-p 00003000 08:01 1971987                    /lib/x86_64-linux-gnu/libdl-2.27.so
7f72fbf44000-7f72fbf5e000 r-xp 00000000 08:01 1972097                    /lib/x86_64-linux-gnu/libpthread-2.27.so
7f72fbf5e000-7f72fc15d000 ---p 0001a000 08:01 1972097                    /lib/x86_64-linux-gnu/libpthread-2.27.so
7f72fc15d000-7f72fc15e000 r--p 00019000 08:01 1972097                    /lib/x86_64-linux-gnu/libpthread-2.27.so
7f72fc15e000-7f72fc15f000 rw-p 0001a000 08:01 1972097                    /lib/x86_64-linux-gnu/libpthread-2.27.so
7f72fc15f000-7f72fc163000 rw-p 00000000 00:00 0 
7f72fc163000-7f72fc173000 r-xp 00000000 08:01 932714                     /usr/lib/jvm/jdk-12.0.1/lib/libjli.so
7f72fc173000-7f72fc372000 ---p 00010000 08:01 932714                     /usr/lib/jvm/jdk-12.0.1/lib/libjli.so
7f72fc372000-7f72fc373000 r--p 0000f000 08:01 932714                     /usr/lib/jvm/jdk-12.0.1/lib/libjli.so
7f72fc373000-7f72fc374000 rw-p 00010000 08:01 932714                     /usr/lib/jvm/jdk-12.0.1/lib/libjli.so
7f72fc374000-7f72fc390000 r-xp 00000000 08:01 1972136                    /lib/x86_64-linux-gnu/libz.so.1.2.11
7f72fc390000-7f72fc58f000 ---p 0001c000 08:01 1972136                    /lib/x86_64-linux-gnu/libz.so.1.2.11
7f72fc58f000-7f72fc590000 r--p 0001b000 08:01 1972136                    /lib/x86_64-linux-gnu/libz.so.1.2.11
7f72fc590000-7f72fc591000 rw-p 0001c000 08:01 1972136                    /lib/x86_64-linux-gnu/libz.so.1.2.11
7f72fc591000-7f72fc5b8000 r-xp 00000000 08:01 1971936                    /lib/x86_64-linux-gnu/ld-2.27.so
7f72fc5be000-7f72fc698000 rw-p 00000000 00:00 0 
7f72fc698000-7f72fc69f000 ---p 00000000 00:00 0 
7f72fc69f000-7f72fc6a3000 ---p 00000000 00:00 0 
7f72fc6a3000-7f72fc7a4000 rw-p 00000000 00:00 0 
7f72fc7ad000-7f72fc7b5000 rw-s 00000000 08:01 530808                     /tmp/hsperfdata_ronsm/18712
7f72fc7b5000-7f72fc7b6000 ---p 00000000 00:00 0 
7f72fc7b6000-7f72fc7b7000 r--p 00000000 00:00 0 
7f72fc7b7000-7f72fc7b8000 ---p 00000000 00:00 0 
7f72fc7b8000-7f72fc7b9000 r--p 00027000 08:01 1971936                    /lib/x86_64-linux-gnu/ld-2.27.so
7f72fc7b9000-7f72fc7ba000 rw-p 00028000 08:01 1971936                    /lib/x86_64-linux-gnu/ld-2.27.so
7f72fc7ba000-7f72fc7bb000 rw-p 00000000 00:00 0 
7fff023d9000-7fff023fa000 rw-p 00000000 00:00 0                          [stack]
7fff023fa000-7fff023fd000 r--p 00000000 00:00 0                          [vvar]
7fff023fd000-7fff023ff000 r-xp 00000000 00:00 0                          [vdso]
ffffffffff600000-ffffffffff601000 r-xp 00000000 00:00 0                  [vsyscall]


VM Arguments:
java_command: org.impinj.llrp.ltk.examples.docsample4.DocSample4 192.168.1.4
java_class_path (initial): /home/ronsm/Downloads/libltkjava/examples/target/classes:/home/ronsm/Downloads/libltkjava/jars/ltkjava-10.30.0.0-with-dependencies.jar
Launcher Type: SUN_STANDARD

[Global flags]
     intx CICompilerCount                          = 2                                         {product} {ergonomic}
     uint ConcGCThreads                            = 1                                         {product} {ergonomic}
     uint G1ConcRefinementThreads                  = 2                                         {product} {ergonomic}
   size_t G1HeapRegionSize                         = 1048576                                   {product} {ergonomic}
    uintx GCDrainStackTargetSize                   = 64                                        {product} {ergonomic}
   size_t InitialHeapSize                          = 65011712                                  {product} {ergonomic}
   size_t MarkStackSize                            = 4194304                                   {product} {ergonomic}
   size_t MaxHeapSize                              = 1035993088                                {product} {ergonomic}
   size_t MaxNewSize                               = 620756992                                 {product} {ergonomic}
   size_t MinHeapDeltaBytes                        = 1048576                                   {product} {ergonomic}
    uintx NonNMethodCodeHeapSize                   = 5825164                                {pd product} {ergonomic}
    uintx NonProfiledCodeHeapSize                  = 122916538                              {pd product} {ergonomic}
    uintx ProfiledCodeHeapSize                     = 122916538                              {pd product} {ergonomic}
    uintx ReservedCodeCacheSize                    = 251658240                              {pd product} {ergonomic}
     bool SegmentedCodeCache                       = true                                      {product} {ergonomic}
     bool UseCompressedClassPointers               = true                                 {lp64_product} {ergonomic}
     bool UseCompressedOops                        = true                                 {lp64_product} {ergonomic}
     bool UseG1GC                                  = true                                      {product} {ergonomic}

Logging:
Log output configuration:
 #0: stdout all=warning uptime,level,tags
 #1: stderr all=off uptime,level,tags

Environment Variables:
JAVA_HOME=/usr/lib/jvm/jdk-12.0.1/
PATH=/usr/local/sbin:/usr/local/bin:/usr/sbin:/usr/bin:/sbin:/bin:/usr/games:/usr/local/games:/snap/bin:/usr/lib/jvm/jdk-12.0.1/bin:/usr/share/ant/bin/
USERNAME=ronsm
SHELL=/bin/bash
DISPLAY=:0

Signal Handlers:
SIGSEGV: [libjvm.so+0xe45640], sa_mask[0]=11111111011111111101111111111110, sa_flags=SA_RESTART|SA_SIGINFO
SIGBUS: [libjvm.so+0xe45640], sa_mask[0]=11111111011111111101111111111110, sa_flags=SA_RESTART|SA_SIGINFO
SIGFPE: [libjvm.so+0xe45640], sa_mask[0]=11111111011111111101111111111110, sa_flags=SA_RESTART|SA_SIGINFO
SIGPIPE: [libjvm.so+0xbf4b50], sa_mask[0]=11111111011111111101111111111110, sa_flags=SA_RESTART|SA_SIGINFO
SIGXFSZ: [libjvm.so+0xbf4b50], sa_mask[0]=11111111011111111101111111111110, sa_flags=SA_RESTART|SA_SIGINFO
SIGILL: [libjvm.so+0xe45640], sa_mask[0]=11111111011111111101111111111110, sa_flags=SA_RESTART|SA_SIGINFO
SIGUSR2: [libjvm.so+0xbf49f0], sa_mask[0]=00100000000000000000000000000000, sa_flags=SA_RESTART|SA_SIGINFO
SIGHUP: [libjvm.so+0xbf4d50], sa_mask[0]=11111111011111111101111111111110, sa_flags=SA_RESTART|SA_SIGINFO
SIGINT: [libjvm.so+0xbf4d50], sa_mask[0]=11111111011111111101111111111110, sa_flags=SA_RESTART|SA_SIGINFO
SIGTERM: [libjvm.so+0xbf4d50], sa_mask[0]=11111111011111111101111111111110, sa_flags=SA_RESTART|SA_SIGINFO
SIGQUIT: [libjvm.so+0xbf4d50], sa_mask[0]=11111111011111111101111111111110, sa_flags=SA_RESTART|SA_SIGINFO


---------------  S Y S T E M  ---------------

OS:DISTRIB_ID=Ubuntu
DISTRIB_RELEASE=18.04
DISTRIB_CODENAME=bionic
DISTRIB_DESCRIPTION="Ubuntu 18.04.2 LTS"
uname:Linux 4.18.0-18-generic #19~18.04.1-Ubuntu SMP Fri Apr 5 10:22:13 UTC 2019 x86_64
libc:glibc 2.27 NPTL 2.27 
rlimit: STACK 8192k, CORE 0k, NPROC 15605, NOFILE 4096, AS infinity, DATA infinity, FSIZE infinity
load average:7.33 2.70 1.35

/proc/meminfo:
MemTotal:        4039320 kB
MemFree:           84812 kB
MemAvailable:          0 kB
Buffers:             272 kB
Cached:           985144 kB
SwapCached:         5912 kB
Active:          3096308 kB
Inactive:         629620 kB
Active(anon):    3083492 kB
Inactive(anon):   616916 kB
Active(file):      12816 kB
Inactive(file):    12704 kB
Unevictable:          48 kB
Mlocked:              48 kB
SwapTotal:       1697968 kB
SwapFree:              0 kB
Dirty:                72 kB
Writeback:            16 kB
AnonPages:       2735080 kB
Mapped:           749952 kB
Shmem:            959776 kB
Slab:              83868 kB
SReclaimable:      33208 kB
SUnreclaim:        50660 kB
KernelStack:       16352 kB
PageTables:        70112 kB
NFS_Unstable:          0 kB
Bounce:                0 kB
WritebackTmp:          0 kB
CommitLimit:     3717628 kB
Committed_AS:   12153380 kB
VmallocTotal:   34359738367 kB
VmallocUsed:           0 kB
VmallocChunk:          0 kB
HardwareCorrupted:     0 kB
AnonHugePages:         0 kB
ShmemHugePages:        0 kB
ShmemPmdMapped:        0 kB
CmaTotal:              0 kB
CmaFree:               0 kB
HugePages_Total:       0
HugePages_Free:        0
HugePages_Rsvd:        0
HugePages_Surp:        0
Hugepagesize:       2048 kB
Hugetlb:               0 kB
DirectMap4k:      188352 kB
DirectMap2M:     4005888 kB


/proc/sys/kernel/threads-max (system-wide limit on the number of threads):
31211


/proc/sys/vm/max_map_count (maximum number of memory map areas a process may have):
65530


/proc/sys/kernel/pid_max (system-wide limit on number of process identifiers):
32768



container (cgroup) information:
container_type: cgroupv1
cpu_cpuset_cpus: 0-1
cpu_memory_nodes: 0
active_processor_count: 2
cpu_quota: -1
cpu_period: 100000
cpu_shares: -1
memory_limit_in_bytes: -1
memory_and_swap_limit_in_bytes: -2
memory_soft_limit_in_bytes: -1
memory_usage_in_bytes: 3813232640
memory_max_usage_in_bytes: 0


CPU:total 2 (initial active 2) (2 cores per cpu, 1 threads per core) family 6 model 70 stepping 1, cmov, cx8, fxsr, mmx, sse, sse2, sse3, ssse3, sse4.1, sse4.2, popcnt, avx, avx2, aes, clmul, lzcnt, tsc, tscinvbit
CPU Model and flags from /proc/cpuinfo:
model name	: Intel(R) Core(TM) i7-4770HQ CPU @ 2.20GHz
flags		: fpu vme de pse tsc msr pae mce cx8 apic sep mtrr pge mca cmov pat pse36 clflush mmx fxsr sse sse2 ht syscall nx rdtscp lm constant_tsc rep_good nopl xtopology nonstop_tsc cpuid tsc_known_freq pni pclmulqdq ssse3 cx16 pcid sse4_1 sse4_2 x2apic movbe popcnt aes xsave avx rdrand hypervisor lahf_lm abm invpcid_single pti fsgsbase avx2 invpcid flush_l1d

Memory: 4k page, physical 4039320k(84888k free), swap 1697968k(0k free)

vm_info: Java HotSpot(TM) 64-Bit Server VM (12.0.1+12) for linux-amd64 JRE (12.0.1+12), built on Apr  1 2019 23:46:14 by "mach5one" with gcc 7.3.0

END.
